f:\webcam_ar\glasses\glasses\debug\vc140.pdb
f:\webcam_ar\glasses\glasses\debug\myform.obj
f:\webcam_ar\glasses\glasses\debug\.netframework,version=v4.5.2.assemblyattributes.obj
f:\webcam_ar\glasses\glasses\debug\.netframework,version=v4.5.2.assemblyattributes.asm
f:\webcam_ar\glasses\glasses\debug\glasses.myform.resources
f:\webcam_ar\glasses\glasses\debug\glasses.vcxproj.generateresource.cache
f:\webcam_ar\glasses\debug\glasses.pdb
f:\webcam_ar\glasses\glasses\debug\glasses.tlog\cl.command.1.tlog
f:\webcam_ar\glasses\glasses\debug\glasses.tlog\cl.read.1.tlog
f:\webcam_ar\glasses\glasses\debug\glasses.tlog\cl.write.1.tlog
f:\webcam_ar\glasses\glasses\debug\glasses.tlog\glasses.write.1u.tlog
f:\webcam_ar\glasses\glasses\debug\glasses.tlog\link.3836.13588-cvtres.read.1.tlog
f:\webcam_ar\glasses\glasses\debug\glasses.tlog\link.3836.13588-cvtres.write.1.tlog
f:\webcam_ar\glasses\glasses\debug\glasses.tlog\link.3836.13588-rc.read.1.tlog
f:\webcam_ar\glasses\glasses\debug\glasses.tlog\link.3836.13588-rc.write.1.tlog
f:\webcam_ar\glasses\glasses\debug\glasses.tlog\link.3836.13588.read.1.tlog
f:\webcam_ar\glasses\glasses\debug\glasses.tlog\link.3836.13588.write.1.tlog
f:\webcam_ar\glasses\glasses\debug\glasses.tlog\link.3836.read.1.tlog
f:\webcam_ar\glasses\glasses\debug\glasses.tlog\link.3836.write.1.tlog
f:\webcam_ar\glasses\glasses\debug\glasses.tlog\link.7672.12416-cvtres.read.1.tlog
f:\webcam_ar\glasses\glasses\debug\glasses.tlog\link.7672.12416-cvtres.write.1.tlog
f:\webcam_ar\glasses\glasses\debug\glasses.tlog\link.7672.12416-rc.read.1.tlog
f:\webcam_ar\glasses\glasses\debug\glasses.tlog\link.7672.12416-rc.write.1.tlog
f:\webcam_ar\glasses\glasses\debug\glasses.tlog\link.7672.12416.read.1.tlog
f:\webcam_ar\glasses\glasses\debug\glasses.tlog\link.7672.12416.write.1.tlog
f:\webcam_ar\glasses\glasses\debug\glasses.tlog\link.7672.read.1.tlog
f:\webcam_ar\glasses\glasses\debug\glasses.tlog\link.7672.write.1.tlog
f:\webcam_ar\glasses\glasses\debug\glasses.tlog\link.command.1.tlog
f:\webcam_ar\glasses\glasses\debug\glasses.tlog\link.read.1.tlog
f:\webcam_ar\glasses\glasses\debug\glasses.tlog\link.write.1.tlog
f:\webcam_ar\glasses\glasses\debug\glasses.tlog\metagen.read.1.tlog
f:\webcam_ar\glasses\glasses\debug\glasses.tlog\metagen.write.1.tlog
f:\webcam_ar\glasses\glasses\debug\glasses.tlog\tzres.dll.bi
